  Compiling CUDA source file heattransfer_gpu.cu...
  
  E:\Projects\Visual Studio\LearnCUDA\learn1\learn1>"C:\Program Files\NVIDIA GPU Computing Toolkit\CUDA\v12.6\bin\nvcc.exe" -gencode=arch=compute_52,code=\"sm_52,compute_52\" --use-local-env -ccbin "D:\Program Files\Microsoft Visual Studio\2022\Community\VC\Tools\MSVC\14.36.32532\bin\HostX64\x64" -x cu   -I"C:\Program Files\NVIDIA GPU Computing Toolkit\CUDA\v12.6\include" -I"C:\Program Files\NVIDIA GPU Computing Toolkit\CUDA\v12.6\include"  -G   --keep-dir x64\Debug  -maxrregcount=0   --machine 64 --compile -cudart static  -g  -DWIN32 -DWIN64 -D_DEBUG -D_CONSOLE -D_MBCS -Xcompiler "/EHsc /W3 /nologo /Od /FS /Zi /RTC1 /MDd " -Xcompiler "/Fdx64\Debug\vc143.pdb" -o "E:\Projects\Visual Studio\LearnCUDA\learn1\learn1\x64\Debug\heattransfer_gpu.cu.obj" "E:\Projects\Visual Studio\LearnCUDA\learn1\learn1\heattransfer_gpu.cu" 
C:\Program Files (x86)\Windows Kits\10\Include\10.0.22621.0\shared\minwindef.h(127): warning C4005: 'CALLBACK': macro redefinition
E:\Projects\Visual Studio\LearnCUDA\learn1\common\./cpu_anim.h(61): warning #2464-D: conversion from a string literal to "char *" is deprecated
            char* dummy = "";
                          ^
  
  Remark: The warnings can be suppressed with "-diag-suppress <warning-number>"
  
C:\Program Files (x86)\Windows Kits\10\Include\10.0.22621.0\shared\minwindef.h(127): warning C4005: 'CALLBACK': macro redefinition
E:\Projects\Visual Studio\LearnCUDA\learn1\common\./cpu_anim.h(61): warning #2464-D: conversion from a string literal to "char *" is deprecated
            char* dummy = "";
                          ^
  
  Remark: The warnings can be suppressed with "-diag-suppress <warning-number>"
  
E:\Projects\Visual Studio\LearnCUDA\learn1\learn1\heattransfer_gpu.cu(135): warning #177-D: variable "bitmap" was declared but never referenced
    	CPUAnimBitmap* bitmap = d->bitmap;
    	               ^
  
E:\Projects\Visual Studio\LearnCUDA\learn1\learn1\heattransfer_gpu.cu(158): warning #177-D: variable "elapsedTime" was declared but never referenced
    	float elapsedTime;
    	      ^
  
  heattransfer_gpu.cu
  tmpxft_00000f60_00000000-7_heattransfer_gpu.cudafe1.cpp
E:\Projects\Visual Studio\LearnCUDA\learn1\learn1\heattransfer_gpu.cu(158): warning C4101: 'elapsedTime': unreferenced local variable
  learn1.vcxproj -> E:\Projects\Visual Studio\LearnCUDA\learn1\x64\Debug\learn1.exe
